


ARM Macro Assembler    Page 1 


    1 00000000         ; <<< Use Configuration Wizard in Context Menu >>>
    2 00000000         ;*******************************************************
                       ***********************
    3 00000000         ;
    4 00000000         ; startup_rvmdk.S - Startup code for use with Keil's uVi
                       sion.
    5 00000000         ;
    6 00000000         ; Copyright (c) 2012-2017 Texas Instruments Incorporated
                       .  All rights reserved.
    7 00000000         ; Software License Agreement
    8 00000000         ; 
    9 00000000         ; Texas Instruments (TI) is supplying this software for 
                       use solely and
   10 00000000         ; exclusively on TI's microcontroller products. The soft
                       ware is owned by
   11 00000000         ; TI and/or its suppliers, and is protected under applic
                       able copyright
   12 00000000         ; laws. You may not combine this software with "viral" o
                       pen-source
   13 00000000         ; software in order to form a larger program.
   14 00000000         ; 
   15 00000000         ; THIS SOFTWARE IS PROVIDED "AS IS" AND WITH ALL FAULTS.
                       
   16 00000000         ; NO WARRANTIES, WHETHER EXPRESS, IMPLIED OR STATUTORY, 
                       INCLUDING, BUT
   17 00000000         ; NOT LIMITED TO, IMPLIED WARRANTIES OF MERCHANTABILITY 
                       AND FITNESS FOR
   18 00000000         ; A PARTICULAR PURPOSE APPLY TO THIS SOFTWARE. TI SHALL 
                       NOT, UNDER ANY
   19 00000000         ; CIRCUMSTANCES, BE LIABLE FOR SPECIAL, INCIDENTAL, OR C
                       ONSEQUENTIAL
   20 00000000         ; DAMAGES, FOR ANY REASON WHATSOEVER.
   21 00000000         ; 
   22 00000000         ; This is part of revision 2.1.4.178 of the EK-TM4C123GX
                       L Firmware Package.
   23 00000000         ;
   24 00000000         ;*******************************************************
                       ***********************
   25 00000000         
   26 00000000         ;*******************************************************
                       ***********************
   27 00000000         ;
   28 00000000         ; <o> Stack Size (in Bytes) <0x0-0xFFFFFFFF:8>
   29 00000000         ;
   30 00000000         ;*******************************************************
                       ***********************
   31 00000000 00000200 
                       Stack   EQU              0x00000200
   32 00000000         
   33 00000000         ;*******************************************************
                       ***********************
   34 00000000         ;
   35 00000000         ; <o> Heap Size (in Bytes) <0x0-0xFFFFFFFF:8>
   36 00000000         ;
   37 00000000         ;*******************************************************
                       ***********************
   38 00000000 00000000 
                       Heap    EQU              0x00000000
   39 00000000         



ARM Macro Assembler    Page 2 


   40 00000000         ;*******************************************************
                       ***********************
   41 00000000         ;
   42 00000000         ; Allocate space for the stack.
   43 00000000         ;
   44 00000000         ;*******************************************************
                       ***********************
   45 00000000                 AREA             STACK, NOINIT, READWRITE, ALIGN
=3
   46 00000000         StackMem
   47 00000000                 SPACE            Stack
   48 00000200         __initial_sp
   49 00000200         
   50 00000200         ;*******************************************************
                       ***********************
   51 00000200         ;
   52 00000200         ; Allocate space for the heap.
   53 00000200         ;
   54 00000200         ;*******************************************************
                       ***********************
   55 00000200                 AREA             HEAP, NOINIT, READWRITE, ALIGN=
3
   56 00000000         __heap_base
   57 00000000         HeapMem
   58 00000000                 SPACE            Heap
   59 00000000         __heap_limit
   60 00000000         
   61 00000000         ;*******************************************************
                       ***********************
   62 00000000         ;
   63 00000000         ; Indicate that the code in this file preserves 8-byte a
                       lignment of the stack.
   64 00000000         ;
   65 00000000         ;*******************************************************
                       ***********************
   66 00000000                 PRESERVE8
   67 00000000         
   68 00000000         ;*******************************************************
                       ***********************
   69 00000000         ;
   70 00000000         ; Place code into the reset code section.
   71 00000000         ;
   72 00000000         ;*******************************************************
                       ***********************
   73 00000000                 AREA             RESET, CODE, READONLY
   74 00000000                 THUMB
   75 00000000         
   76 00000000         ;*******************************************************
                       ***********************
   77 00000000         ;
   78 00000000         ; External declarations for the interrupt handlers used 
                       by the application.
   79 00000000         ;
   80 00000000         ;*******************************************************
                       ***********************
   81 00000000                 EXTERN           xPortPendSVHandler
   82 00000000                 EXTERN           vPortSVCHandler
   83 00000000                 EXTERN           xPortSysTickHandler
   84 00000000         ;  EXTERN IntDefaultHandler



ARM Macro Assembler    Page 3 


   85 00000000         ;  EXTERN IntDefaultHandler
   86 00000000         ;  EXTERN IntDefaultHandler
   87 00000000         ;  EXTERN IntDefaultHandler
   88 00000000         ;  EXTERN IntDefaultHandler
   89 00000000         ;  EXTERN IntDefaultHandler
   90 00000000         ;*******************************************************
                       ***********************
   91 00000000         ;
   92 00000000         ; The vector table.
   93 00000000         ;
   94 00000000         ;*******************************************************
                       ***********************
   95 00000000                 EXPORT           __Vectors
   96 00000000         __Vectors
   97 00000000 00000200        DCD              StackMem + Stack ; Top of Stack
                                                            
   98 00000004 00000000        DCD              Reset_Handler ; Reset Handler
   99 00000008 00000000        DCD              NmiSR       ; NMI Handler
  100 0000000C 00000000        DCD              FaultISR    ; Hard Fault Handle
                                                            r
  101 00000010 00000000        DCD              IntDefaultHandler ; The MPU fau
                                                            lt handler
  102 00000014 00000000        DCD              IntDefaultHandler ; The bus fau
                                                            lt handler
  103 00000018 00000000        DCD              IntDefaultHandler ; The usage f
                                                            ault handler
  104 0000001C 00000000        DCD              0           ; Reserved
  105 00000020 00000000        DCD              0           ; Reserved
  106 00000024 00000000        DCD              0           ; Reserved
  107 00000028 00000000        DCD              0           ; Reserved
  108 0000002C 00000000        DCD              vPortSVCHandler 
                                                            ; SVCall handler
  109 00000030 00000000        DCD              IntDefaultHandler ; Debug monit
                                                            or handler
  110 00000034 00000000        DCD              0           ; Reserved
  111 00000038 00000000        DCD              xPortPendSVHandler ; The PendSV
                                                             handler
  112 0000003C 00000000        DCD              xPortSysTickHandler ; The SysTi
                                                            ck handler
  113 00000040 00000000        DCD              IntDefaultHandler ; GPIO Port A
                                                            
  114 00000044 00000000        DCD              IntDefaultHandler ; GPIO Port B
                                                            
  115 00000048 00000000        DCD              IntDefaultHandler ; GPIO Port C
                                                            
  116 0000004C 00000000        DCD              IntDefaultHandler ; GPIO Port D
                                                            
  117 00000050 00000000        DCD              IntDefaultHandler ; GPIO Port E
                                                            
  118 00000054 00000000        DCD              IntDefaultHandler 
                                                            ; UART0 Rx and Tx
  119 00000058 00000000        DCD              IntDefaultHandler 
                                                            ; UART1 Rx and Tx
  120 0000005C 00000000        DCD              IntDefaultHandler 
                                                            ; SSI0 Rx and Tx
  121 00000060 00000000        DCD              IntDefaultHandler ; I2C0 Master
                                                             and Slave
  122 00000064 00000000        DCD              IntDefaultHandler ; PWM Fault
  123 00000068 00000000        DCD              IntDefaultHandler 



ARM Macro Assembler    Page 4 


                                                            ; PWM Generator 0
  124 0000006C 00000000        DCD              IntDefaultHandler 
                                                            ; PWM Generator 1
  125 00000070 00000000        DCD              IntDefaultHandler 
                                                            ; PWM Generator 2
  126 00000074 00000000        DCD              IntDefaultHandler ; Quadrature 
                                                            Encoder 0
  127 00000078 00000000        DCD              IntDefaultHandler 
                                                            ; ADC Sequence 0
  128 0000007C 00000000        DCD              IntDefaultHandler 
                                                            ; ADC Sequence 1
  129 00000080 00000000        DCD              IntDefaultHandler 
                                                            ; ADC Sequence 2
  130 00000084 00000000        DCD              IntDefaultHandler 
                                                            ; ADC Sequence 3
  131 00000088 00000000        DCD              IntDefaultHandler 
                                                            ; Watchdog timer
  132 0000008C 00000000        DCD              IntDefaultHandler ; Timer 0 sub
                                                            timer A
  133 00000090 00000000        DCD              IntDefaultHandler ; Timer 0 sub
                                                            timer B
  134 00000094 00000000        DCD              IntDefaultHandler ; Timer 1 sub
                                                            timer A
  135 00000098 00000000        DCD              IntDefaultHandler ; Timer 1 sub
                                                            timer B
  136 0000009C 00000000        DCD              IntDefaultHandler ; Timer 2 sub
                                                            timer A
  137 000000A0 00000000        DCD              IntDefaultHandler ; Timer 2 sub
                                                            timer B
  138 000000A4 00000000        DCD              IntDefaultHandler ; Analog Comp
                                                            arator 0
  139 000000A8 00000000        DCD              IntDefaultHandler ; Analog Comp
                                                            arator 1
  140 000000AC 00000000        DCD              IntDefaultHandler ; Analog Comp
                                                            arator 2
  141 000000B0 00000000        DCD              IntDefaultHandler ; System Cont
                                                            rol (PLL, OSC, BO)
  142 000000B4 00000000        DCD              IntDefaultHandler 
                                                            ; FLASH Control
  143 000000B8 00000000        DCD              IntDefaultHandler ; GPIO Port F
                                                            
  144 000000BC 00000000        DCD              IntDefaultHandler ; GPIO Port G
                                                            
  145 000000C0 00000000        DCD              IntDefaultHandler ; GPIO Port H
                                                            
  146 000000C4 00000000        DCD              IntDefaultHandler 
                                                            ; UART2 Rx and Tx
  147 000000C8 00000000        DCD              IntDefaultHandler 
                                                            ; SSI1 Rx and Tx
  148 000000CC 00000000        DCD              IntDefaultHandler ; Timer 3 sub
                                                            timer A
  149 000000D0 00000000        DCD              IntDefaultHandler ; Timer 3 sub
                                                            timer B
  150 000000D4 00000000        DCD              IntDefaultHandler ; I2C1 Master
                                                             and Slave
  151 000000D8 00000000        DCD              IntDefaultHandler ; Quadrature 
                                                            Encoder 1
  152 000000DC 00000000        DCD              IntDefaultHandler ; CAN0
  153 000000E0 00000000        DCD              IntDefaultHandler ; CAN1



ARM Macro Assembler    Page 5 


  154 000000E4 00000000        DCD              0           ; Reserved
  155 000000E8 00000000        DCD              0           ; Reserved
  156 000000EC 00000000        DCD              IntDefaultHandler ; Hibernate
  157 000000F0 00000000        DCD              IntDefaultHandler ; USB0
  158 000000F4 00000000        DCD              IntDefaultHandler 
                                                            ; PWM Generator 3
  159 000000F8 00000000        DCD              IntDefaultHandler ; uDMA Softwa
                                                            re Transfer
  160 000000FC 00000000        DCD              IntDefaultHandler ; uDMA Error
  161 00000100 00000000        DCD              IntDefaultHandler 
                                                            ; ADC1 Sequence 0
  162 00000104 00000000        DCD              IntDefaultHandler 
                                                            ; ADC1 Sequence 1
  163 00000108 00000000        DCD              IntDefaultHandler 
                                                            ; ADC1 Sequence 2
  164 0000010C 00000000        DCD              IntDefaultHandler 
                                                            ; ADC1 Sequence 3
  165 00000110 00000000        DCD              0           ; Reserved
  166 00000114 00000000        DCD              0           ; Reserved
  167 00000118 00000000        DCD              IntDefaultHandler ; GPIO Port J
                                                            
  168 0000011C 00000000        DCD              IntDefaultHandler ; GPIO Port K
                                                            
  169 00000120 00000000        DCD              IntDefaultHandler ; GPIO Port L
                                                            
  170 00000124 00000000        DCD              IntDefaultHandler 
                                                            ; SSI2 Rx and Tx
  171 00000128 00000000        DCD              IntDefaultHandler 
                                                            ; SSI3 Rx and Tx
  172 0000012C 00000000        DCD              IntDefaultHandler 
                                                            ; UART3 Rx and Tx
  173 00000130 00000000        DCD              IntDefaultHandler 
                                                            ; UART4 Rx and Tx
  174 00000134 00000000        DCD              IntDefaultHandler 
                                                            ; UART5 Rx and Tx
  175 00000138 00000000        DCD              IntDefaultHandler 
                                                            ; UART6 Rx and Tx
  176 0000013C 00000000        DCD              IntDefaultHandler 
                                                            ; UART7 Rx and Tx
  177 00000140 00000000        DCD              0           ; Reserved
  178 00000144 00000000        DCD              0           ; Reserved
  179 00000148 00000000        DCD              0           ; Reserved
  180 0000014C 00000000        DCD              0           ; Reserved
  181 00000150 00000000        DCD              IntDefaultHandler ; I2C2 Master
                                                             and Slave
  182 00000154 00000000        DCD              IntDefaultHandler ; I2C3 Master
                                                             and Slave
  183 00000158 00000000        DCD              IntDefaultHandler ; Timer 4 sub
                                                            timer A
  184 0000015C 00000000        DCD              IntDefaultHandler ; Timer 4 sub
                                                            timer B
  185 00000160 00000000        DCD              0           ; Reserved
  186 00000164 00000000        DCD              0           ; Reserved
  187 00000168 00000000        DCD              0           ; Reserved
  188 0000016C 00000000        DCD              0           ; Reserved
  189 00000170 00000000        DCD              0           ; Reserved
  190 00000174 00000000        DCD              0           ; Reserved
  191 00000178 00000000        DCD              0           ; Reserved
  192 0000017C 00000000        DCD              0           ; Reserved



ARM Macro Assembler    Page 6 


  193 00000180 00000000        DCD              0           ; Reserved
  194 00000184 00000000        DCD              0           ; Reserved
  195 00000188 00000000        DCD              0           ; Reserved
  196 0000018C 00000000        DCD              0           ; Reserved
  197 00000190 00000000        DCD              0           ; Reserved
  198 00000194 00000000        DCD              0           ; Reserved
  199 00000198 00000000        DCD              0           ; Reserved
  200 0000019C 00000000        DCD              0           ; Reserved
  201 000001A0 00000000        DCD              0           ; Reserved
  202 000001A4 00000000        DCD              0           ; Reserved
  203 000001A8 00000000        DCD              0           ; Reserved
  204 000001AC 00000000        DCD              0           ; Reserved
  205 000001B0 00000000        DCD              IntDefaultHandler ; Timer 5 sub
                                                            timer A
  206 000001B4 00000000        DCD              IntDefaultHandler ; Timer 5 sub
                                                            timer B
  207 000001B8 00000000        DCD              IntDefaultHandler ; Wide Timer 
                                                            0 subtimer A
  208 000001BC 00000000        DCD              IntDefaultHandler ; Wide Timer 
                                                            0 subtimer B
  209 000001C0 00000000        DCD              IntDefaultHandler ; Wide Timer 
                                                            1 subtimer A
  210 000001C4 00000000        DCD              IntDefaultHandler ; Wide Timer 
                                                            1 subtimer B
  211 000001C8 00000000        DCD              IntDefaultHandler ; Wide Timer 
                                                            2 subtimer A
  212 000001CC 00000000        DCD              IntDefaultHandler ; Wide Timer 
                                                            2 subtimer B
  213 000001D0 00000000        DCD              IntDefaultHandler ; Wide Timer 
                                                            3 subtimer A
  214 000001D4 00000000        DCD              IntDefaultHandler ; Wide Timer 
                                                            3 subtimer B
  215 000001D8 00000000        DCD              IntDefaultHandler ; Wide Timer 
                                                            4 subtimer A
  216 000001DC 00000000        DCD              IntDefaultHandler ; Wide Timer 
                                                            4 subtimer B
  217 000001E0 00000000        DCD              IntDefaultHandler ; Wide Timer 
                                                            5 subtimer A
  218 000001E4 00000000        DCD              IntDefaultHandler ; Wide Timer 
                                                            5 subtimer B
  219 000001E8 00000000        DCD              IntDefaultHandler ; FPU
  220 000001EC 00000000        DCD              0           ; Reserved
  221 000001F0 00000000        DCD              0           ; Reserved
  222 000001F4 00000000        DCD              IntDefaultHandler ; I2C4 Master
                                                             and Slave
  223 000001F8 00000000        DCD              IntDefaultHandler ; I2C5 Master
                                                             and Slave
  224 000001FC 00000000        DCD              IntDefaultHandler ; GPIO Port M
                                                            
  225 00000200 00000000        DCD              IntDefaultHandler ; GPIO Port N
                                                            
  226 00000204 00000000        DCD              IntDefaultHandler ; Quadrature 
                                                            Encoder 2
  227 00000208 00000000        DCD              0           ; Reserved
  228 0000020C 00000000        DCD              0           ; Reserved
  229 00000210 00000000        DCD              IntDefaultHandler ; GPIO Port P
                                                             (Summary or P0)
  230 00000214 00000000        DCD              IntDefaultHandler 
                                                            ; GPIO Port P1



ARM Macro Assembler    Page 7 


  231 00000218 00000000        DCD              IntDefaultHandler 
                                                            ; GPIO Port P2
  232 0000021C 00000000        DCD              IntDefaultHandler 
                                                            ; GPIO Port P3
  233 00000220 00000000        DCD              IntDefaultHandler 
                                                            ; GPIO Port P4
  234 00000224 00000000        DCD              IntDefaultHandler 
                                                            ; GPIO Port P5
  235 00000228 00000000        DCD              IntDefaultHandler 
                                                            ; GPIO Port P6
  236 0000022C 00000000        DCD              IntDefaultHandler 
                                                            ; GPIO Port P7
  237 00000230 00000000        DCD              IntDefaultHandler ; GPIO Port Q
                                                             (Summary or Q0)
  238 00000234 00000000        DCD              IntDefaultHandler 
                                                            ; GPIO Port Q1
  239 00000238 00000000        DCD              IntDefaultHandler 
                                                            ; GPIO Port Q2
  240 0000023C 00000000        DCD              IntDefaultHandler 
                                                            ; GPIO Port Q3
  241 00000240 00000000        DCD              IntDefaultHandler 
                                                            ; GPIO Port Q4
  242 00000244 00000000        DCD              IntDefaultHandler 
                                                            ; GPIO Port Q5
  243 00000248 00000000        DCD              IntDefaultHandler 
                                                            ; GPIO Port Q6
  244 0000024C 00000000        DCD              IntDefaultHandler 
                                                            ; GPIO Port Q7
  245 00000250 00000000        DCD              IntDefaultHandler ; GPIO Port R
                                                            
  246 00000254 00000000        DCD              IntDefaultHandler ; GPIO Port S
                                                            
  247 00000258 00000000        DCD              IntDefaultHandler 
                                                            ; PWM 1 Generator 0
                                                            
  248 0000025C 00000000        DCD              IntDefaultHandler 
                                                            ; PWM 1 Generator 1
                                                            
  249 00000260 00000000        DCD              IntDefaultHandler 
                                                            ; PWM 1 Generator 2
                                                            
  250 00000264 00000000        DCD              IntDefaultHandler 
                                                            ; PWM 1 Generator 3
                                                            
  251 00000268 00000000        DCD              IntDefaultHandler ; PWM 1 Fault
                                                            
  252 0000026C         
  253 0000026C         ;*******************************************************
                       ***********************
  254 0000026C         ;
  255 0000026C         ; This is the code that gets called when the processor f
                       irst starts execution
  256 0000026C         ; following a reset event.
  257 0000026C         ;
  258 0000026C         ;*******************************************************
                       ***********************
  259 0000026C                 EXPORT           Reset_Handler
  260 0000026C         Reset_Handler
  261 0000026C         ;



ARM Macro Assembler    Page 8 


  262 0000026C         ; Enable the floating-point unit.  This must be done her
                       e to handle the
  263 0000026C         ; case where main() uses floating-point and the function
                        prologue saves
  264 0000026C         ; floating-point registers (which will fault if floating
                       -point is not
  265 0000026C         ; enabled).  Any configuration of the floating-point uni
                       t using
  266 0000026C         ; DriverLib APIs must be done here prior to the floating
                       -point unit
  267 0000026C         ; being enabled.
  268 0000026C         ;
  269 0000026C         ; Note that this does not use DriverLib since it might n
                       ot be included
  270 0000026C         ; in this project.
  271 0000026C         ;
  272 0000026C F64E 5088       MOVW             R0, #0xED88
  273 00000270 F2CE 0000       MOVT             R0, #0xE000
  274 00000274 6801            LDR              R1, [R0]
  275 00000276 F441 0170       ORR              R1, #0x00F00000
  276 0000027A 6001            STR              R1, [R0]
  277 0000027C         
  278 0000027C         ;
  279 0000027C         ; Call the C library enty point that handles startup.  T
                       his will copy
  280 0000027C         ; the .data section initializers from flash to SRAM and 
                       zero fill the
  281 0000027C         ; .bss section.
  282 0000027C         ;
  283 0000027C                 IMPORT           __main
  284 0000027C F7FF BFFE       B                __main
  285 00000280         
  286 00000280         ;*******************************************************
                       ***********************
  287 00000280         ;
  288 00000280         ; This is the code that gets called when the processor r
                       eceives a NMI.  This
  289 00000280         ; simply enters an infinite loop, preserving the system 
                       state for examination
  290 00000280         ; by a debugger.
  291 00000280         ;
  292 00000280         ;*******************************************************
                       ***********************
  293 00000280         NmiSR
  294 00000280 E7FE            B                NmiSR
  295 00000282         
  296 00000282         ;*******************************************************
                       ***********************
  297 00000282         ;
  298 00000282         ; This is the code that gets called when the processor r
                       eceives a fault
  299 00000282         ; interrupt.  This simply enters an infinite loop, prese
                       rving the system state
  300 00000282         ; for examination by a debugger.
  301 00000282         ;
  302 00000282         ;*******************************************************
                       ***********************
  303 00000282         FaultISR
  304 00000282 E7FE            B                FaultISR



ARM Macro Assembler    Page 9 


  305 00000284         
  306 00000284         ;*******************************************************
                       ***********************
  307 00000284         ;
  308 00000284         ; This is the code that gets called when the processor r
                       eceives an unexpected
  309 00000284         ; interrupt.  This simply enters an infinite loop, prese
                       rving the system state
  310 00000284         ; for examination by a debugger.
  311 00000284         ;
  312 00000284         ;*******************************************************
                       ***********************
  313 00000284         IntDefaultHandler
  314 00000284 E7FE            B                IntDefaultHandler
  315 00000286         
  316 00000286         ;*******************************************************
                       ***********************
  317 00000286         ;
  318 00000286         ; Make sure the end of this section is aligned.
  319 00000286         ;
  320 00000286         ;*******************************************************
                       ***********************
  321 00000286 00 00           ALIGN
  322 00000288         
  323 00000288         ;*******************************************************
                       ***********************
  324 00000288         ;
  325 00000288         ; Some code in the normal code section for initializing 
                       the heap and stack.
  326 00000288         ;
  327 00000288         ;*******************************************************
                       ***********************
  328 00000288                 AREA             |.text|, CODE, READONLY
  329 00000000         
  330 00000000         ;*******************************************************
                       ***********************
  331 00000000         ;
  332 00000000         ; The function expected of the C library startup code fo
                       r defining the stack
  333 00000000         ; and heap memory locations.  For the C library version 
                       of the startup code,
  334 00000000         ; provide this function so that the C library initializa
                       tion code can find out
  335 00000000         ; the location of the stack and heap.
  336 00000000         ;
  337 00000000         ;*******************************************************
                       ***********************
  338 00000000                 IF               :DEF: __MICROLIB
  339 00000000                 EXPORT           __initial_sp
  340 00000000                 EXPORT           __heap_base
  341 00000000                 EXPORT           __heap_limit
  342 00000000                 ELSE
  351                          ENDIF
  352 00000000         
  353 00000000         ;*******************************************************
                       ***********************
  354 00000000         ;
  355 00000000         ; Make sure the end of this section is aligned.
  356 00000000         ;



ARM Macro Assembler    Page 10 


  357 00000000         ;*******************************************************
                       ***********************
  358 00000000                 ALIGN
  359 00000000         
  360 00000000         ;*******************************************************
                       ***********************
  361 00000000         ;
  362 00000000         ; Tell the assembler that we're done.
  363 00000000         ;
  364 00000000         ;*******************************************************
                       ***********************
  365 00000000                 END
Command Line: --debug --xref --diag_suppress=9931 --cpu=Cortex-M4.fp --apcs=int
erwork --depend=.\objects\startup_rvmdk.d -o.\objects\startup_rvmdk.o -I.\RTE\_
Flight_Control -ID:\ARM\PACK\Keil\TM4C_DFP\1.1.0\Device\Include\TM4C123 -ID:\AR
M\CMSIS\Include -ID:\ARM\PACK\Keil\TM4C_DFP\1.1.0 --predefine="__MICROLIB SETA 
1" --predefine="__UVISION_VERSION SETA 523" --predefine="TM4C123GH6PM SETA 1" -
-list=.\listings\startup_rvmdk.lst USER\startup_rvmdk.S



ARM Macro Assembler    Page 1 Alphabetic symbol ordering
Relocatable symbols

STACK 00000000

Symbol: STACK
   Definitions
      At line 45 in file USER\startup_rvmdk.S
   Uses
      None
Comment: STACK unused
StackMem 00000000

Symbol: StackMem
   Definitions
      At line 46 in file USER\startup_rvmdk.S
   Uses
      At line 97 in file USER\startup_rvmdk.S
Comment: StackMem used once
__initial_sp 00000200

Symbol: __initial_sp
   Definitions
      At line 48 in file USER\startup_rvmdk.S
   Uses
      At line 339 in file USER\startup_rvmdk.S
Comment: __initial_sp used once
3 symbols



ARM Macro Assembler    Page 1 Alphabetic symbol ordering
Relocatable symbols

HEAP 00000000

Symbol: HEAP
   Definitions
      At line 55 in file USER\startup_rvmdk.S
   Uses
      None
Comment: HEAP unused
HeapMem 00000000

Symbol: HeapMem
   Definitions
      At line 57 in file USER\startup_rvmdk.S
   Uses
      None
Comment: HeapMem unused
__heap_base 00000000

Symbol: __heap_base
   Definitions
      At line 56 in file USER\startup_rvmdk.S
   Uses
      At line 340 in file USER\startup_rvmdk.S
Comment: __heap_base used once
__heap_limit 00000000

Symbol: __heap_limit
   Definitions
      At line 59 in file USER\startup_rvmdk.S
   Uses
      At line 341 in file USER\startup_rvmdk.S
Comment: __heap_limit used once
4 symbols



ARM Macro Assembler    Page 1 Alphabetic symbol ordering
Relocatable symbols

FaultISR 00000282

Symbol: FaultISR
   Definitions
      At line 303 in file USER\startup_rvmdk.S
   Uses
      At line 100 in file USER\startup_rvmdk.S
      At line 304 in file USER\startup_rvmdk.S

IntDefaultHandler 00000284

Symbol: IntDefaultHandler
   Definitions
      At line 313 in file USER\startup_rvmdk.S
   Uses
      At line 101 in file USER\startup_rvmdk.S
      At line 102 in file USER\startup_rvmdk.S
      At line 103 in file USER\startup_rvmdk.S
      At line 109 in file USER\startup_rvmdk.S
      At line 113 in file USER\startup_rvmdk.S
      At line 114 in file USER\startup_rvmdk.S
      At line 115 in file USER\startup_rvmdk.S
      At line 116 in file USER\startup_rvmdk.S
      At line 117 in file USER\startup_rvmdk.S
      At line 118 in file USER\startup_rvmdk.S
      At line 119 in file USER\startup_rvmdk.S
      At line 120 in file USER\startup_rvmdk.S
      At line 121 in file USER\startup_rvmdk.S
      At line 122 in file USER\startup_rvmdk.S
      At line 123 in file USER\startup_rvmdk.S
      At line 124 in file USER\startup_rvmdk.S
      At line 125 in file USER\startup_rvmdk.S
      At line 126 in file USER\startup_rvmdk.S
      At line 127 in file USER\startup_rvmdk.S
      At line 128 in file USER\startup_rvmdk.S
      At line 129 in file USER\startup_rvmdk.S
      At line 130 in file USER\startup_rvmdk.S
      At line 131 in file USER\startup_rvmdk.S
      At line 132 in file USER\startup_rvmdk.S
      At line 133 in file USER\startup_rvmdk.S
      At line 134 in file USER\startup_rvmdk.S
      At line 135 in file USER\startup_rvmdk.S
      At line 136 in file USER\startup_rvmdk.S
      At line 137 in file USER\startup_rvmdk.S
      At line 138 in file USER\startup_rvmdk.S
      At line 139 in file USER\startup_rvmdk.S
      At line 140 in file USER\startup_rvmdk.S
      At line 141 in file USER\startup_rvmdk.S
      At line 142 in file USER\startup_rvmdk.S
      At line 143 in file USER\startup_rvmdk.S
      At line 144 in file USER\startup_rvmdk.S
      At line 145 in file USER\startup_rvmdk.S
      At line 146 in file USER\startup_rvmdk.S
      At line 147 in file USER\startup_rvmdk.S
      At line 148 in file USER\startup_rvmdk.S
      At line 149 in file USER\startup_rvmdk.S
      At line 150 in file USER\startup_rvmdk.S
      At line 151 in file USER\startup_rvmdk.S
      At line 152 in file USER\startup_rvmdk.S



ARM Macro Assembler    Page 2 Alphabetic symbol ordering
Relocatable symbols

      At line 153 in file USER\startup_rvmdk.S
      At line 156 in file USER\startup_rvmdk.S
      At line 157 in file USER\startup_rvmdk.S
      At line 158 in file USER\startup_rvmdk.S
      At line 159 in file USER\startup_rvmdk.S
      At line 160 in file USER\startup_rvmdk.S
      At line 161 in file USER\startup_rvmdk.S
      At line 162 in file USER\startup_rvmdk.S
      At line 163 in file USER\startup_rvmdk.S
      At line 164 in file USER\startup_rvmdk.S
      At line 167 in file USER\startup_rvmdk.S
      At line 168 in file USER\startup_rvmdk.S
      At line 169 in file USER\startup_rvmdk.S
      At line 170 in file USER\startup_rvmdk.S
      At line 171 in file USER\startup_rvmdk.S
      At line 172 in file USER\startup_rvmdk.S
      At line 173 in file USER\startup_rvmdk.S
      At line 174 in file USER\startup_rvmdk.S
      At line 175 in file USER\startup_rvmdk.S
      At line 176 in file USER\startup_rvmdk.S
      At line 181 in file USER\startup_rvmdk.S
      At line 182 in file USER\startup_rvmdk.S
      At line 183 in file USER\startup_rvmdk.S
      At line 184 in file USER\startup_rvmdk.S
      At line 205 in file USER\startup_rvmdk.S
      At line 206 in file USER\startup_rvmdk.S
      At line 207 in file USER\startup_rvmdk.S
      At line 208 in file USER\startup_rvmdk.S
      At line 209 in file USER\startup_rvmdk.S
      At line 210 in file USER\startup_rvmdk.S
      At line 211 in file USER\startup_rvmdk.S
      At line 212 in file USER\startup_rvmdk.S
      At line 213 in file USER\startup_rvmdk.S
      At line 214 in file USER\startup_rvmdk.S
      At line 215 in file USER\startup_rvmdk.S
      At line 216 in file USER\startup_rvmdk.S
      At line 217 in file USER\startup_rvmdk.S
      At line 218 in file USER\startup_rvmdk.S
      At line 219 in file USER\startup_rvmdk.S
      At line 222 in file USER\startup_rvmdk.S
      At line 223 in file USER\startup_rvmdk.S
      At line 224 in file USER\startup_rvmdk.S
      At line 225 in file USER\startup_rvmdk.S
      At line 226 in file USER\startup_rvmdk.S
      At line 229 in file USER\startup_rvmdk.S
      At line 230 in file USER\startup_rvmdk.S
      At line 231 in file USER\startup_rvmdk.S
      At line 232 in file USER\startup_rvmdk.S
      At line 233 in file USER\startup_rvmdk.S
      At line 234 in file USER\startup_rvmdk.S
      At line 235 in file USER\startup_rvmdk.S
      At line 236 in file USER\startup_rvmdk.S
      At line 237 in file USER\startup_rvmdk.S
      At line 238 in file USER\startup_rvmdk.S
      At line 239 in file USER\startup_rvmdk.S
      At line 240 in file USER\startup_rvmdk.S
      At line 241 in file USER\startup_rvmdk.S
      At line 242 in file USER\startup_rvmdk.S
      At line 243 in file USER\startup_rvmdk.S



ARM Macro Assembler    Page 3 Alphabetic symbol ordering
Relocatable symbols

      At line 244 in file USER\startup_rvmdk.S
      At line 245 in file USER\startup_rvmdk.S
      At line 246 in file USER\startup_rvmdk.S
      At line 247 in file USER\startup_rvmdk.S
      At line 248 in file USER\startup_rvmdk.S
      At line 249 in file USER\startup_rvmdk.S
      At line 250 in file USER\startup_rvmdk.S
      At line 251 in file USER\startup_rvmdk.S
      At line 314 in file USER\startup_rvmdk.S

NmiSR 00000280

Symbol: NmiSR
   Definitions
      At line 293 in file USER\startup_rvmdk.S
   Uses
      At line 99 in file USER\startup_rvmdk.S
      At line 294 in file USER\startup_rvmdk.S

RESET 00000000

Symbol: RESET
   Definitions
      At line 73 in file USER\startup_rvmdk.S
   Uses
      None
Comment: RESET unused
Reset_Handler 0000026C

Symbol: Reset_Handler
   Definitions
      At line 260 in file USER\startup_rvmdk.S
   Uses
      At line 98 in file USER\startup_rvmdk.S
      At line 259 in file USER\startup_rvmdk.S

__Vectors 00000000

Symbol: __Vectors
   Definitions
      At line 96 in file USER\startup_rvmdk.S
   Uses
      At line 95 in file USER\startup_rvmdk.S
Comment: __Vectors used once
6 symbols



ARM Macro Assembler    Page 1 Alphabetic symbol ordering
Relocatable symbols

.text 00000000

Symbol: .text
   Definitions
      At line 328 in file USER\startup_rvmdk.S
   Uses
      None
Comment: .text unused
1 symbol



ARM Macro Assembler    Page 1 Alphabetic symbol ordering
Absolute symbols

Heap 00000000

Symbol: Heap
   Definitions
      At line 38 in file USER\startup_rvmdk.S
   Uses
      At line 58 in file USER\startup_rvmdk.S
Comment: Heap used once
Stack 00000200

Symbol: Stack
   Definitions
      At line 31 in file USER\startup_rvmdk.S
   Uses
      At line 47 in file USER\startup_rvmdk.S
      At line 97 in file USER\startup_rvmdk.S

2 symbols



ARM Macro Assembler    Page 1 Alphabetic symbol ordering
External symbols

__main 00000000

Symbol: __main
   Definitions
      At line 283 in file USER\startup_rvmdk.S
   Uses
      At line 284 in file USER\startup_rvmdk.S
Comment: __main used once
vPortSVCHandler 00000000

Symbol: vPortSVCHandler
   Definitions
      At line 82 in file USER\startup_rvmdk.S
   Uses
      At line 108 in file USER\startup_rvmdk.S
Comment: vPortSVCHandler used once
xPortPendSVHandler 00000000

Symbol: xPortPendSVHandler
   Definitions
      At line 81 in file USER\startup_rvmdk.S
   Uses
      At line 111 in file USER\startup_rvmdk.S
Comment: xPortPendSVHandler used once
xPortSysTickHandler 00000000

Symbol: xPortSysTickHandler
   Definitions
      At line 83 in file USER\startup_rvmdk.S
   Uses
      At line 112 in file USER\startup_rvmdk.S
Comment: xPortSysTickHandler used once
4 symbols
354 symbols in table
